<?xml version="1.0" encoding="UTF-8"?>
<testsuite xmlns:xsi="http://www.w3.org/2001/XMLSchema-instance" xsi:noNamespaceSchemaLocation="https://maven.apache.org/surefire/maven-surefire-plugin/xsd/surefire-test-report-3.0.xsd" version="3.0" name="testscenario.ScenarioJunitActivatorTest" time="4.162" tests="1" errors="0" skipped="0" failures="0">
  <properties>
    <property name="sun.desktop" value="windows"/>
    <property name="awt.toolkit" value="sun.awt.windows.WToolkit"/>
    <property name="java.specification.version" value="11"/>
    <property name="sun.cpu.isalist" value="amd64"/>
    <property name="sun.jnu.encoding" value="Cp1252"/>
    <property name="java.class.path" value="C:\Users\ZZ03Q0778\Documents\GitHub\rhpam-demo\MySpace_Job-Portal\project\target\test-classes;C:\Users\ZZ03Q0778\Documents\GitHub\rhpam-demo\MySpace_Job-Portal\project\target\classes;C:\Users\ZZ03Q0778\.m2\repository\org\kie\kie-api\7.61.0.Final\kie-api-7.61.0.Final.jar;C:\Users\ZZ03Q0778\.m2\repository\org\kie\soup\kie-soup-maven-support\7.61.0.Final\kie-soup-maven-support-7.61.0.Final.jar;C:\Users\ZZ03Q0778\.m2\repository\org\slf4j\slf4j-api\1.7.30\slf4j-api-1.7.30.jar;C:\Users\ZZ03Q0778\.m2\repository\org\kie\kie-internal\7.61.0.Final\kie-internal-7.61.0.Final.jar;C:\Users\ZZ03Q0778\.m2\repository\org\optaplanner\optaplanner-core\7.61.0.Final\optaplanner-core-7.61.0.Final.jar;C:\Users\ZZ03Q0778\.m2\repository\org\drools\drools-core\7.61.0.Final\drools-core-7.61.0.Final.jar;C:\Users\ZZ03Q0778\.m2\repository\org\kie\soup\kie-soup-xstream\7.61.0.Final\kie-soup-xstream-7.61.0.Final.jar;C:\Users\ZZ03Q0778\.m2\repository\org\drools\drools-core-dynamic\7.61.0.Final\drools-core-dynamic-7.61.0.Final.jar;C:\Users\ZZ03Q0778\.m2\repository\commons-codec\commons-codec\1.15\commons-codec-1.15.jar;C:\Users\ZZ03Q0778\.m2\repository\org\drools\drools-mvel\7.61.0.Final\drools-mvel-7.61.0.Final.jar;C:\Users\ZZ03Q0778\.m2\repository\org\kie\soup\kie-soup-project-datamodel-commons\7.61.0.Final\kie-soup-project-datamodel-commons-7.61.0.Final.jar;C:\Users\ZZ03Q0778\.m2\repository\org\drools\drools-canonical-model\7.61.0.Final\drools-canonical-model-7.61.0.Final.jar;C:\Users\ZZ03Q0778\.m2\repository\org\drools\drools-model-compiler\7.61.0.Final\drools-model-compiler-7.61.0.Final.jar;C:\Users\ZZ03Q0778\.m2\repository\org\drools\drools-mvel-compiler\7.61.0.Final\drools-mvel-compiler-7.61.0.Final.jar;C:\Users\ZZ03Q0778\.m2\repository\org\apache\commons\commons-lang3\3.11\commons-lang3-3.11.jar;C:\Users\ZZ03Q0778\.m2\repository\org\apache\commons\commons-math3\3.4.1\commons-math3-3.4.1.jar;C:\Users\ZZ03Q0778\.m2\repository\org\reflections\reflections\0.9.11\reflections-0.9.11.jar;C:\Users\ZZ03Q0778\.m2\repository\com\google\guava\guava\20.0\guava-20.0.jar;C:\Users\ZZ03Q0778\.m2\repository\org\javassist\javassist\3.21.0-GA\javassist-3.21.0-GA.jar;C:\Users\ZZ03Q0778\.m2\repository\org\optaplanner\optaplanner-persistence-jaxb\7.61.0.Final\optaplanner-persistence-jaxb-7.61.0.Final.jar;C:\Users\ZZ03Q0778\.m2\repository\org\optaplanner\optaplanner-persistence-common\7.61.0.Final\optaplanner-persistence-common-7.61.0.Final.jar;C:\Users\ZZ03Q0778\.m2\repository\jakarta\xml\bind\jakarta.xml.bind-api\2.3.3\jakarta.xml.bind-api-2.3.3.jar;C:\Users\ZZ03Q0778\.m2\repository\jakarta\activation\jakarta.activation-api\1.2.2\jakarta.activation-api-1.2.2.jar;C:\Users\ZZ03Q0778\.m2\repository\junit\junit\4.13.1\junit-4.13.1.jar;C:\Users\ZZ03Q0778\.m2\repository\org\hamcrest\hamcrest-core\1.3\hamcrest-core-1.3.jar;C:\Users\ZZ03Q0778\.m2\repository\com\thoughtworks\xstream\xstream\1.4.18\xstream-1.4.18.jar;C:\Users\ZZ03Q0778\.m2\repository\io\github\x-stream\mxparser\1.2.2\mxparser-1.2.2.jar;C:\Users\ZZ03Q0778\.m2\repository\xmlpull\xmlpull\1.1.3.1\xmlpull-1.1.3.1.jar;C:\Users\ZZ03Q0778\.m2\repository\org\drools\drools-scenario-simulation-api\7.61.0.Final\drools-scenario-simulation-api-7.61.0.Final.jar;C:\Users\ZZ03Q0778\.m2\repository\org\kie\soup\kie-soup-project-datamodel-api\7.61.0.Final\kie-soup-project-datamodel-api-7.61.0.Final.jar;C:\Users\ZZ03Q0778\.m2\repository\org\drools\drools-scenario-simulation-backend\7.61.0.Final\drools-scenario-simulation-backend-7.61.0.Final.jar;C:\Users\ZZ03Q0778\.m2\repository\com\fasterxml\jackson\core\jackson-databind\2.12.1\jackson-databind-2.12.1.jar;C:\Users\ZZ03Q0778\.m2\repository\com\fasterxml\jackson\core\jackson-annotations\2.12.1\jackson-annotations-2.12.1.jar;C:\Users\ZZ03Q0778\.m2\repository\com\fasterxml\jackson\core\jackson-core\2.12.1\jackson-core-2.12.1.jar;C:\Users\ZZ03Q0778\.m2\repository\org\kie\soup\kie-soup-commons\7.61.0.Final\kie-soup-commons-7.61.0.Final.jar;C:\Users\ZZ03Q0778\.m2\repository\org\mvel\mvel2\2.4.13.Final\mvel2-2.4.13.Final.jar;C:\Users\ZZ03Q0778\.m2\repository\org\drools\drools-compiler\7.61.0.Final\drools-compiler-7.61.0.Final.jar;C:\Users\ZZ03Q0778\.m2\repository\org\drools\drools-core-reflective\7.61.0.Final\drools-core-reflective-7.61.0.Final.jar;C:\Users\ZZ03Q0778\.m2\repository\org\kie\kie-memory-compiler\7.61.0.Final\kie-memory-compiler-7.61.0.Final.jar;C:\Users\ZZ03Q0778\.m2\repository\org\drools\drools-ecj\7.61.0.Final\drools-ecj-7.61.0.Final.jar;C:\Users\ZZ03Q0778\.m2\repository\org\antlr\antlr-runtime\3.5.2\antlr-runtime-3.5.2.jar;C:\Users\ZZ03Q0778\.m2\repository\org\drools\drools-workbench-models-guided-dtable\7.61.0.Final\drools-workbench-models-guided-dtable-7.61.0.Final.jar;C:\Users\ZZ03Q0778\.m2\repository\org\drools\drools-workbench-models-datamodel-api\7.61.0.Final\drools-workbench-models-datamodel-api-7.61.0.Final.jar;C:\Users\ZZ03Q0778\.m2\repository\org\drools\drools-workbench-models-commons\7.61.0.Final\drools-workbench-models-commons-7.61.0.Final.jar;C:\Users\ZZ03Q0778\.m2\repository\org\jbpm\jbpm-bpmn2\7.61.0.Final\jbpm-bpmn2-7.61.0.Final.jar;C:\Users\ZZ03Q0778\.m2\repository\org\jbpm\jbpm-flow-builder\7.61.0.Final\jbpm-flow-builder-7.61.0.Final.jar;C:\Users\ZZ03Q0778\.m2\repository\org\jbpm\jbpm-flow\7.61.0.Final\jbpm-flow-7.61.0.Final.jar;C:\Users\ZZ03Q0778\.m2\repository\org\drools\drools-serialization-protobuf\7.61.0.Final\drools-serialization-protobuf-7.61.0.Final.jar;C:\Users\ZZ03Q0778\.m2\repository\com\google\protobuf\protobuf-java\3.6.1\protobuf-java-3.6.1.jar;C:\Users\ZZ03Q0778\.m2\repository\com\fasterxml\jackson\datatype\jackson-datatype-jsr310\2.12.1\jackson-datatype-jsr310-2.12.1.jar;C:\Users\ZZ03Q0778\.m2\repository\org\kie\kie-dmn-feel\7.61.0.Final\kie-dmn-feel-7.61.0.Final.jar;C:\Users\ZZ03Q0778\.m2\repository\org\kie\kie-dmn-model\7.61.0.Final\kie-dmn-model-7.61.0.Final.jar;C:\Users\ZZ03Q0778\.m2\repository\org\antlr\antlr4-runtime\4.8\antlr4-runtime-4.8.jar;C:\Users\ZZ03Q0778\.m2\repository\com\github\javaparser\javaparser-core\3.13.10\javaparser-core-3.13.10.jar;C:\Users\ZZ03Q0778\.m2\repository\org\drools\drools-mvel-parser\7.61.0.Final\drools-mvel-parser-7.61.0.Final.jar;C:\Users\ZZ03Q0778\.m2\repository\ch\obermuhlner\big-math\2.0.1\big-math-2.0.1.jar;C:\Users\ZZ03Q0778\.m2\repository\org\kie\kie-dmn-api\7.61.0.Final\kie-dmn-api-7.61.0.Final.jar;C:\Users\ZZ03Q0778\.m2\repository\org\kie\kie-dmn-core\7.61.0.Final\kie-dmn-core-7.61.0.Final.jar;C:\Users\ZZ03Q0778\.m2\repository\org\kie\kie-dmn-backend\7.61.0.Final\kie-dmn-backend-7.61.0.Final.jar;C:\Users\ZZ03Q0778\.m2\repository\org\drools\drools-ruleunit\7.61.0.Final\drools-ruleunit-7.61.0.Final.jar;C:\Users\ZZ03Q0778\.m2\repository\org\drools\drools-alphanetwork-compiler\7.61.0.Final\drools-alphanetwork-compiler-7.61.0.Final.jar;C:\Users\ZZ03Q0778\.m2\repository\org\jpmml\pmml-model\1.5.1\pmml-model-1.5.1.jar;C:\Users\ZZ03Q0778\.m2\repository\org\jpmml\pmml-agent\1.5.1\pmml-agent-1.5.1.jar;"/>
    <property name="java.vm.vendor" value="Oracle Corporation"/>
    <property name="sun.arch.data.model" value="64"/>
    <property name="user.variant" value=""/>
    <property name="java.vendor.url" value="https://openjdk.java.net/"/>
    <property name="user.timezone" value="Asia/Singapore"/>
    <property name="java.vm.specification.version" value="11"/>
    <property name="os.name" value="Windows 11"/>
    <property name="sun.java.launcher" value="SUN_STANDARD"/>
    <property name="user.country" value="MY"/>
    <property name="sun.boot.library.path" value="C:\Program Files\Java\jdk-11\bin"/>
    <property name="sun.java.command" value="C:\Users\ZZ03Q0778\AppData\Local\Temp\surefire3146003369787571537\surefirebooter-20230712155517684_3.jar C:\Users\ZZ03Q0778\AppData\Local\Temp\surefire3146003369787571537 2023-07-12T15-55-17_229-jvmRun1 surefire-20230712155517684_1tmp surefire_0-20230712155517684_2tmp"/>
    <property name="jdk.debug" value="release"/>
    <property name="surefire.test.class.path" value="C:\Users\ZZ03Q0778\Documents\GitHub\rhpam-demo\MySpace_Job-Portal\project\target\test-classes;C:\Users\ZZ03Q0778\Documents\GitHub\rhpam-demo\MySpace_Job-Portal\project\target\classes;C:\Users\ZZ03Q0778\.m2\repository\org\kie\kie-api\7.61.0.Final\kie-api-7.61.0.Final.jar;C:\Users\ZZ03Q0778\.m2\repository\org\kie\soup\kie-soup-maven-support\7.61.0.Final\kie-soup-maven-support-7.61.0.Final.jar;C:\Users\ZZ03Q0778\.m2\repository\org\slf4j\slf4j-api\1.7.30\slf4j-api-1.7.30.jar;C:\Users\ZZ03Q0778\.m2\repository\org\kie\kie-internal\7.61.0.Final\kie-internal-7.61.0.Final.jar;C:\Users\ZZ03Q0778\.m2\repository\org\optaplanner\optaplanner-core\7.61.0.Final\optaplanner-core-7.61.0.Final.jar;C:\Users\ZZ03Q0778\.m2\repository\org\drools\drools-core\7.61.0.Final\drools-core-7.61.0.Final.jar;C:\Users\ZZ03Q0778\.m2\repository\org\kie\soup\kie-soup-xstream\7.61.0.Final\kie-soup-xstream-7.61.0.Final.jar;C:\Users\ZZ03Q0778\.m2\repository\org\drools\drools-core-dynamic\7.61.0.Final\drools-core-dynamic-7.61.0.Final.jar;C:\Users\ZZ03Q0778\.m2\repository\commons-codec\commons-codec\1.15\commons-codec-1.15.jar;C:\Users\ZZ03Q0778\.m2\repository\org\drools\drools-mvel\7.61.0.Final\drools-mvel-7.61.0.Final.jar;C:\Users\ZZ03Q0778\.m2\repository\org\kie\soup\kie-soup-project-datamodel-commons\7.61.0.Final\kie-soup-project-datamodel-commons-7.61.0.Final.jar;C:\Users\ZZ03Q0778\.m2\repository\org\drools\drools-canonical-model\7.61.0.Final\drools-canonical-model-7.61.0.Final.jar;C:\Users\ZZ03Q0778\.m2\repository\org\drools\drools-model-compiler\7.61.0.Final\drools-model-compiler-7.61.0.Final.jar;C:\Users\ZZ03Q0778\.m2\repository\org\drools\drools-mvel-compiler\7.61.0.Final\drools-mvel-compiler-7.61.0.Final.jar;C:\Users\ZZ03Q0778\.m2\repository\org\apache\commons\commons-lang3\3.11\commons-lang3-3.11.jar;C:\Users\ZZ03Q0778\.m2\repository\org\apache\commons\commons-math3\3.4.1\commons-math3-3.4.1.jar;C:\Users\ZZ03Q0778\.m2\repository\org\reflections\reflections\0.9.11\reflections-0.9.11.jar;C:\Users\ZZ03Q0778\.m2\repository\com\google\guava\guava\20.0\guava-20.0.jar;C:\Users\ZZ03Q0778\.m2\repository\org\javassist\javassist\3.21.0-GA\javassist-3.21.0-GA.jar;C:\Users\ZZ03Q0778\.m2\repository\org\optaplanner\optaplanner-persistence-jaxb\7.61.0.Final\optaplanner-persistence-jaxb-7.61.0.Final.jar;C:\Users\ZZ03Q0778\.m2\repository\org\optaplanner\optaplanner-persistence-common\7.61.0.Final\optaplanner-persistence-common-7.61.0.Final.jar;C:\Users\ZZ03Q0778\.m2\repository\jakarta\xml\bind\jakarta.xml.bind-api\2.3.3\jakarta.xml.bind-api-2.3.3.jar;C:\Users\ZZ03Q0778\.m2\repository\jakarta\activation\jakarta.activation-api\1.2.2\jakarta.activation-api-1.2.2.jar;C:\Users\ZZ03Q0778\.m2\repository\junit\junit\4.13.1\junit-4.13.1.jar;C:\Users\ZZ03Q0778\.m2\repository\org\hamcrest\hamcrest-core\1.3\hamcrest-core-1.3.jar;C:\Users\ZZ03Q0778\.m2\repository\com\thoughtworks\xstream\xstream\1.4.18\xstream-1.4.18.jar;C:\Users\ZZ03Q0778\.m2\repository\io\github\x-stream\mxparser\1.2.2\mxparser-1.2.2.jar;C:\Users\ZZ03Q0778\.m2\repository\xmlpull\xmlpull\1.1.3.1\xmlpull-1.1.3.1.jar;C:\Users\ZZ03Q0778\.m2\repository\org\drools\drools-scenario-simulation-api\7.61.0.Final\drools-scenario-simulation-api-7.61.0.Final.jar;C:\Users\ZZ03Q0778\.m2\repository\org\kie\soup\kie-soup-project-datamodel-api\7.61.0.Final\kie-soup-project-datamodel-api-7.61.0.Final.jar;C:\Users\ZZ03Q0778\.m2\repository\org\drools\drools-scenario-simulation-backend\7.61.0.Final\drools-scenario-simulation-backend-7.61.0.Final.jar;C:\Users\ZZ03Q0778\.m2\repository\com\fasterxml\jackson\core\jackson-databind\2.12.1\jackson-databind-2.12.1.jar;C:\Users\ZZ03Q0778\.m2\repository\com\fasterxml\jackson\core\jackson-annotations\2.12.1\jackson-annotations-2.12.1.jar;C:\Users\ZZ03Q0778\.m2\repository\com\fasterxml\jackson\core\jackson-core\2.12.1\jackson-core-2.12.1.jar;C:\Users\ZZ03Q0778\.m2\repository\org\kie\soup\kie-soup-commons\7.61.0.Final\kie-soup-commons-7.61.0.Final.jar;C:\Users\ZZ03Q0778\.m2\repository\org\mvel\mvel2\2.4.13.Final\mvel2-2.4.13.Final.jar;C:\Users\ZZ03Q0778\.m2\repository\org\drools\drools-compiler\7.61.0.Final\drools-compiler-7.61.0.Final.jar;C:\Users\ZZ03Q0778\.m2\repository\org\drools\drools-core-reflective\7.61.0.Final\drools-core-reflective-7.61.0.Final.jar;C:\Users\ZZ03Q0778\.m2\repository\org\kie\kie-memory-compiler\7.61.0.Final\kie-memory-compiler-7.61.0.Final.jar;C:\Users\ZZ03Q0778\.m2\repository\org\drools\drools-ecj\7.61.0.Final\drools-ecj-7.61.0.Final.jar;C:\Users\ZZ03Q0778\.m2\repository\org\antlr\antlr-runtime\3.5.2\antlr-runtime-3.5.2.jar;C:\Users\ZZ03Q0778\.m2\repository\org\drools\drools-workbench-models-guided-dtable\7.61.0.Final\drools-workbench-models-guided-dtable-7.61.0.Final.jar;C:\Users\ZZ03Q0778\.m2\repository\org\drools\drools-workbench-models-datamodel-api\7.61.0.Final\drools-workbench-models-datamodel-api-7.61.0.Final.jar;C:\Users\ZZ03Q0778\.m2\repository\org\drools\drools-workbench-models-commons\7.61.0.Final\drools-workbench-models-commons-7.61.0.Final.jar;C:\Users\ZZ03Q0778\.m2\repository\org\jbpm\jbpm-bpmn2\7.61.0.Final\jbpm-bpmn2-7.61.0.Final.jar;C:\Users\ZZ03Q0778\.m2\repository\org\jbpm\jbpm-flow-builder\7.61.0.Final\jbpm-flow-builder-7.61.0.Final.jar;C:\Users\ZZ03Q0778\.m2\repository\org\jbpm\jbpm-flow\7.61.0.Final\jbpm-flow-7.61.0.Final.jar;C:\Users\ZZ03Q0778\.m2\repository\org\drools\drools-serialization-protobuf\7.61.0.Final\drools-serialization-protobuf-7.61.0.Final.jar;C:\Users\ZZ03Q0778\.m2\repository\com\google\protobuf\protobuf-java\3.6.1\protobuf-java-3.6.1.jar;C:\Users\ZZ03Q0778\.m2\repository\com\fasterxml\jackson\datatype\jackson-datatype-jsr310\2.12.1\jackson-datatype-jsr310-2.12.1.jar;C:\Users\ZZ03Q0778\.m2\repository\org\kie\kie-dmn-feel\7.61.0.Final\kie-dmn-feel-7.61.0.Final.jar;C:\Users\ZZ03Q0778\.m2\repository\org\kie\kie-dmn-model\7.61.0.Final\kie-dmn-model-7.61.0.Final.jar;C:\Users\ZZ03Q0778\.m2\repository\org\antlr\antlr4-runtime\4.8\antlr4-runtime-4.8.jar;C:\Users\ZZ03Q0778\.m2\repository\com\github\javaparser\javaparser-core\3.13.10\javaparser-core-3.13.10.jar;C:\Users\ZZ03Q0778\.m2\repository\org\drools\drools-mvel-parser\7.61.0.Final\drools-mvel-parser-7.61.0.Final.jar;C:\Users\ZZ03Q0778\.m2\repository\ch\obermuhlner\big-math\2.0.1\big-math-2.0.1.jar;C:\Users\ZZ03Q0778\.m2\repository\org\kie\kie-dmn-api\7.61.0.Final\kie-dmn-api-7.61.0.Final.jar;C:\Users\ZZ03Q0778\.m2\repository\org\kie\kie-dmn-core\7.61.0.Final\kie-dmn-core-7.61.0.Final.jar;C:\Users\ZZ03Q0778\.m2\repository\org\kie\kie-dmn-backend\7.61.0.Final\kie-dmn-backend-7.61.0.Final.jar;C:\Users\ZZ03Q0778\.m2\repository\org\drools\drools-ruleunit\7.61.0.Final\drools-ruleunit-7.61.0.Final.jar;C:\Users\ZZ03Q0778\.m2\repository\org\drools\drools-alphanetwork-compiler\7.61.0.Final\drools-alphanetwork-compiler-7.61.0.Final.jar;C:\Users\ZZ03Q0778\.m2\repository\org\jpmml\pmml-model\1.5.1\pmml-model-1.5.1.jar;C:\Users\ZZ03Q0778\.m2\repository\org\jpmml\pmml-agent\1.5.1\pmml-agent-1.5.1.jar;"/>
    <property name="sun.cpu.endian" value="little"/>
    <property name="user.home" value="C:\Users\ZZ03Q0778"/>
    <property name="user.language" value="en"/>
    <property name="java.specification.vendor" value="Oracle Corporation"/>
    <property name="java.version.date" value="2023-04-18"/>
    <property name="java.home" value="C:\Program Files\Java\jdk-11"/>
    <property name="file.separator" value="\"/>
    <property name="basedir" value="C:\Users\ZZ03Q0778\Documents\GitHub\rhpam-demo\MySpace_Job-Portal\project"/>
    <property name="java.vm.compressedOopsMode" value="Zero based"/>
    <property name="line.separator" value="&#10;"/>
    <property name="java.specification.name" value="Java Platform API Specification"/>
    <property name="java.vm.specification.vendor" value="Oracle Corporation"/>
    <property name="java.awt.graphicsenv" value="sun.awt.Win32GraphicsEnvironment"/>
    <property name="surefire.real.class.path" value="C:\Users\ZZ03Q0778\AppData\Local\Temp\surefire3146003369787571537\surefirebooter-20230712155517684_3.jar"/>
    <property name="user.script" value=""/>
    <property name="sun.management.compiler" value="HotSpot 64-Bit Tiered Compilers"/>
    <property name="java.runtime.version" value="11.0.19+9-LTS-224"/>
    <property name="user.name" value="ZZ03Q0778"/>
    <property name="path.separator" value=";"/>
    <property name="os.version" value="10.0"/>
    <property name="java.runtime.name" value="Java(TM) SE Runtime Environment"/>
    <property name="file.encoding" value="Cp1252"/>
    <property name="java.vm.name" value="Java HotSpot(TM) 64-Bit Server VM"/>
    <property name="java.vendor.version" value="18.9"/>
    <property name="localRepository" value="C:\Users\ZZ03Q0778\.m2\repository"/>
    <property name="java.vendor.url.bug" value="https://bugreport.java.com/bugreport/"/>
    <property name="java.io.tmpdir" value="C:\Users\ZZ03Q0~1\AppData\Local\Temp\"/>
    <property name="java.version" value="11.0.19"/>
    <property name="user.dir" value="C:\Users\ZZ03Q0778\Documents\GitHub\rhpam-demo\MySpace_Job-Portal\project"/>
    <property name="os.arch" value="amd64"/>
    <property name="java.vm.specification.name" value="Java Virtual Machine Specification"/>
    <property name="java.awt.printerjob" value="sun.awt.windows.WPrinterJob"/>
    <property name="sun.os.patch.level" value=""/>
    <property name="java.library.path" value="C:\Program Files\Java\jdk-11\bin;C:\windows\Sun\Java\bin;C:\windows\system32;C:\windows;C:\Program Files\Common Files\Oracle\Java\javapath;C:\Program Files\Zulu\zulu-17\bin\;C:\windows\system32;C:\windows;C:\windows\System32\Wbem;C:\windows\System32\WindowsPowerShell\v1.0\;C:\windows\System32\OpenSSH\;C:\Program Files\Git\cmd;C:\Program Files\Docker\Docker\resources\bin;C:\Program Files\Red Hat OpenShift Local\;C:\Program Files\nodejs\;C:\Program Files\apache-ant-1.10.13\bin;C:\Ruby32-x64\bin;C:\Users\ZZ03Q0778\AppData\Local\Microsoft\WindowsApps;C:\Users\ZZ03Q0778\AppData\Local\Programs\Microsoft VS Code\bin;C:\apache-maven-3.9.1\bin;C:\Users\ZZ03Q0778\AppData\Local\GitHubDesktop\bin;C:\Users\ZZ03Q0778\AppData\Roaming\npm;C:\Program Files\heroku\bin;C:\Program Files\PostgreSQL\15\bin;."/>
    <property name="java.vendor" value="Oracle Corporation"/>
    <property name="java.vm.info" value="mixed mode"/>
    <property name="java.vm.version" value="11.0.19+9-LTS-224"/>
    <property name="sun.io.unicode.encoding" value="UnicodeLittle"/>
    <property name="java.class.version" value="55.0"/>
  </properties>
  <testcase name="#1: " classname="Preliminary Filtering Test" time="2.547">
    <system-err><![CDATA[SLF4J: Failed to load class "org.slf4j.impl.StaticLoggerBinder".
SLF4J: Defaulting to no-operation (NOP) logger implementation
SLF4J: See http://www.slf4j.org/codes.html#StaticLoggerBinder for further details.
Warning: Nashorn engine is planned to be removed from a future JDK release
]]></system-err>
  </testcase>
</testsuite>